<?xml version="1.0" encoding="UTF-8"?>
<!-- Generated by org.testng.reporters.JUnitReportReporter -->
<testsuite hostname="DESKTOP-EOBBL56" failures="0" tests="2" name="restAPIOnlineBatch.Test01" time="58.658" errors="0" timestamp="2022-11-11T21:42:24 IST" skipped="0">
  <testcase classname="restAPIOnlineBatch.Test01" name="TestgetAPI" time="42.999"/>
  <system-out/>
  <testcase classname="restAPIOnlineBatch.Test01" name="TestgetAPI01" time="15.659"/>
  <system-out/>
</testsuite> <!-- restAPIOnlineBatch.Test01 -->
