<?xml version="1.0" encoding="UTF-8"?>
<!-- Generated by org.testng.reporters.JUnitReportReporter -->
<testsuite hostname="DESKTOP-EOBBL56" failures="0" tests="1" name="restAPIOnlineBatch.TestAPIDelete" time="11.840" errors="0" timestamp="2022-11-16T21:01:01 IST" skipped="0">
  <testcase classname="restAPIOnlineBatch.TestAPIDelete" name="TestDeleteReq" time="11.840"/>
  <system-out/>
</testsuite> <!-- restAPIOnlineBatch.TestAPIDelete -->
