<?xml version="1.0" encoding="UTF-8"?>
<!-- Generated by org.testng.reporters.JUnitReportReporter -->
<testsuite hostname="DESKTOP-EOBBL56" failures="0" tests="1" name="localHostAPITest.TestPutLocalAPI" time="4.690" errors="0" timestamp="2022-11-17T21:24:21 IST" skipped="0">
  <testcase classname="localHostAPITest.TestPutLocalAPI" name="TestAPiPutReq" time="4.690"/>
  <system-out/>
</testsuite> <!-- localHostAPITest.TestPutLocalAPI -->
