<?xml version="1.0" encoding="UTF-8"?>
<!-- Generated by org.testng.reporters.JUnitReportReporter -->
<testsuite hostname="DESKTOP-EOBBL56" failures="0" tests="1" name="restAPIOnlineBatch.TestPutAPI" time="16.600" errors="0" timestamp="2022-11-15T19:25:18 IST" skipped="0">
  <testcase classname="restAPIOnlineBatch.TestPutAPI" name="TestAPiPutReq" time="16.600"/>
  <system-out/>
</testsuite> <!-- restAPIOnlineBatch.TestPutAPI -->
