<?xml version="1.0" encoding="UTF-8"?>
<!-- Generated by org.testng.reporters.JUnitReportReporter -->
<testsuite hostname="DESKTOP-EOBBL56" failures="0" tests="1" name="localHostAPITest.APITestGET" time="10.321" errors="0" timestamp="2022-11-17T21:31:30 IST" skipped="0">
  <testcase classname="localHostAPITest.APITestGET" name="TestGet" time="10.321"/>
  <system-out/>
</testsuite> <!-- localHostAPITest.APITestGET -->
