<?xml version="1.0" encoding="UTF-8"?>
<!-- Generated by org.testng.reporters.JUnitReportReporter -->
<testsuite hostname="DESKTOP-EOBBL56" failures="0" tests="1" name="localHostAPITest.TestAPIDelete" time="5.958" errors="0" timestamp="2022-11-16T21:22:31 IST" skipped="0">
  <testcase classname="localHostAPITest.TestAPIDelete" name="TestDeleteReq" time="5.958"/>
  <system-out/>
</testsuite> <!-- localHostAPITest.TestAPIDelete -->
