<?xml version="1.0" encoding="UTF-8"?>
<!-- Generated by org.testng.reporters.JUnitReportReporter -->
<testsuite hostname="DESKTOP-EOBBL56" failures="0" tests="2" name="localHostAPITest.TestPostLocal" time="5.310" errors="0" timestamp="2022-11-17T21:15:40 IST" skipped="0">
  <testcase classname="localHostAPITest.TestPostLocal" name="TestPostReq" time="5.208"/>
  <system-out/>
  <testcase classname="localHostAPITest.TestPostLocal" name="TestPostReqSub" time="0.102"/>
  <system-out/>
</testsuite> <!-- localHostAPITest.TestPostLocal -->
