<?xml version="1.0" encoding="UTF-8"?>
<!-- Generated by org.testng.reporters.JUnitReportReporter -->
<testsuite hostname="DESKTOP-EOBBL56" failures="0" tests="3" name="restAPIOnlineBatch.TestPutReq" time="8.603" errors="0" timestamp="2022-11-14T20:26:44 IST" skipped="0">
  <testcase classname="restAPIOnlineBatch.TestPutReq" name="TestPatch" time="1.673"/>
  <system-out/>
  <testcase classname="restAPIOnlineBatch.TestPutReq" name="TestPut" time="1.820"/>
  <system-out/>
  <testcase classname="restAPIOnlineBatch.TestPutReq" name="TestDelete" time="5.110"/>
  <system-out/>
</testsuite> <!-- restAPIOnlineBatch.TestPutReq -->
